<?xml version="1.0" encoding="UTF-8"?>
<!-- Generated by org.testng.reporters.JUnitReportReporter -->
<testsuite hostname="LAPTOP-DGN41TAQ" failures="0" tests="2" name="restAssuredProject.TestCasesRestAssured" time="5.127" errors="0" timestamp="2021-10-27T08:41:15 IST" skipped="0">
  <testcase classname="restAssuredProject.TestCasesRestAssured" name="TC002_adminLogin" time="2.456"/>
  <system-out/>
  <testcase classname="restAssuredProject.TestCasesRestAssured" name="TC001_getAccessToken" time="2.671"/>
  <system-out/>
</testsuite> <!-- restAssuredProject.TestCasesRestAssured -->
