<?xml version="1.0" encoding="UTF-8"?>
<!-- Generated by org.testng.reporters.JUnitReportReporter -->
<testsuite hostname="LAPTOP-DGN41TAQ" failures="0" tests="1" name="restAssuredTraining.RestAuthPostMan" time="2.893" errors="0" timestamp="2021-10-22T20:12:13 IST" skipped="0">
  <testcase classname="restAssuredTraining.RestAuthPostMan" name="main" time="2.893"/>
  <system-out/>
</testsuite> <!-- restAssuredTraining.RestAuthPostMan -->
