<?xml version="1.0" encoding="UTF-8"?>
<!-- Generated by org.testng.reporters.JUnitReportReporter -->
<testsuite hostname="LAPTOP-DGN41TAQ" failures="0" tests="1" name="restAssuredProject.TestCase1" time="3.061" errors="0" timestamp="2021-10-26T09:42:35 IST" skipped="0">
  <testcase classname="restAssuredProject.TestCase1" name="TC001" time="3.061"/>
  <system-out/>
</testsuite> <!-- restAssuredProject.TestCase1 -->
