<?xml version="1.0" encoding="UTF-8"?>
<!-- Generated by org.testng.reporters.JUnitReportReporter -->
<testsuite hostname="LAPTOP-DGN41TAQ" failures="0" tests="3" name="restAssuredProject.TestCasesRestAssured" time="11.103" errors="0" timestamp="2021-10-26T21:28:13 IST" skipped="0">
  <testcase classname="restAssuredProject.TestCasesRestAssured" name="TC003_AddNewCustomer" time="3.660"/>
  <system-out/>
  <testcase classname="restAssuredProject.TestCasesRestAssured" name="TC001_getAccessToken" time="3.070"/>
  <system-out/>
  <testcase classname="restAssuredProject.TestCasesRestAssured" name="TC002_adminLogin" time="4.373"/>
  <system-out/>
</testsuite> <!-- restAssuredProject.TestCasesRestAssured -->
