<?xml version="1.0" encoding="UTF-8"?>
<!-- Generated by org.testng.reporters.JUnitReportReporter -->
<testsuite hostname="LAPTOP-DGN41TAQ" failures="0" tests="1" name="TestngClasses.Test1" time="0.016" errors="0" timestamp="2021-10-08T08:41:55 IST" skipped="0">
  <testcase classname="TestngClasses.Test1" name="test1method" time="0.016"/>
  <system-out/>
</testsuite> <!-- TestngClasses.Test1 -->
