<?xml version="1.0" encoding="UTF-8"?>
<!-- Generated by org.testng.reporters.JUnitReportReporter -->
<testsuite hostname="LAPTOP-DGN41TAQ" failures="0" tests="1" name="restAssuredTraining.RestCookies" time="2.397" errors="0" timestamp="2021-10-21T10:45:13 IST" skipped="0">
  <testcase classname="restAssuredTraining.RestCookies" name="main" time="2.397"/>
  <system-out/>
</testsuite> <!-- restAssuredTraining.RestCookies -->
